[     192ms] [INFO] %cDownload the React DevTools for a better development experience: https://react.dev/link/react-devtools font-weight:bold @ http://localhost:3000/_next/static/chunks/0a1v_next_dist_036859l._.js:2431
[     209ms] [LOG] [HMR] connected @ http://localhost:3000/_next/static/chunks/0a1v_next_dist_036859l._.js:2431
[     331ms] [WARNING] Clerk: Clerk has been loaded with development keys. Development instances have strict usage limits and should not be used when deploying your application to production. Learn more: https://clerk.com/docs/deployments/overview @ http://localhost:3000/_next/static/chunks/0a1v_next_dist_036859l._.js:2431
[     349ms] [ERROR] Manifest: Line: 1, column: 1, Syntax error. @ http://localhost:3000/manifest.json:0
[  228141ms] [ERROR] Manifest: Line: 1, column: 1, Syntax error. @ http://localhost:3000/manifest.json:0
[  231152ms] [ERROR] Manifest: Line: 1, column: 1, Syntax error. @ http://localhost:3000/manifest.json:0
[  235021ms] [ERROR] Manifest: Line: 1, column: 1, Syntax error. @ http://localhost:3000/manifest.json:0
[  237970ms] [ERROR] Manifest: Line: 1, column: 1, Syntax error. @ http://localhost:3000/manifest.json:0
[  304629ms] [LOG] [Fast Refresh] rebuilding @ http://localhost:3000/_next/static/chunks/0a1v_next_dist_036859l._.js:2431
[  304670ms] [LOG] [Fast Refresh] done in 142ms @ http://localhost:3000/_next/static/chunks/0a1v_next_dist_036859l._.js:2431
[  322455ms] [LOG] [Fast Refresh] rebuilding @ http://localhost:3000/_next/static/chunks/0a1v_next_dist_036859l._.js:2431
[  322608ms] [LOG] [Fast Refresh] done in 255ms @ http://localhost:3000/_next/static/chunks/0a1v_next_dist_036859l._.js:2431
[  340575ms] [LOG] [Fast Refresh] rebuilding @ http://localhost:3000/_next/static/chunks/0a1v_next_dist_036859l._.js:2431
[  340608ms] [LOG] [Fast Refresh] done in 55ms @ http://localhost:3000/_next/static/chunks/0a1v_next_dist_036859l._.js:2431
[  358075ms] [LOG] [Fast Refresh] rebuilding @ http://localhost:3000/_next/static/chunks/0a1v_next_dist_036859l._.js:2431
[  358130ms] [LOG] [Fast Refresh] done in 157ms @ http://localhost:3000/_next/static/chunks/0a1v_next_dist_036859l._.js:2431
[  383795ms] [LOG] [Fast Refresh] rebuilding @ http://localhost:3000/_next/static/chunks/0a1v_next_dist_036859l._.js:2431
[  384331ms] [LOG] [Fast Refresh] done in 472ms @ http://localhost:3000/_next/static/chunks/0a1v_next_dist_036859l._.js:2431
[  387228ms] [LOG] [Fast Refresh] rebuilding @ http://localhost:3000/_next/static/chunks/0a1v_next_dist_036859l._.js:2431
[  387345ms] [LOG] [Fast Refresh] done in 217ms @ http://localhost:3000/_next/static/chunks/0a1v_next_dist_036859l._.js:2431
[  387767ms] [ERROR] Manifest: Line: 1, column: 1, Syntax error. @ http://localhost:3000/manifest.json:0
[  392282ms] [LOG] [Fast Refresh] rebuilding @ http://localhost:3000/_next/static/chunks/0a1v_next_dist_036859l._.js:2431
[  392309ms] [LOG] [Fast Refresh] done in 39ms @ http://localhost:3000/_next/static/chunks/0a1v_next_dist_036859l._.js:2431
[  392417ms] [LOG] [Fast Refresh] rebuilding @ http://localhost:3000/_next/static/chunks/0a1v_next_dist_036859l._.js:2431
[  392721ms] [LOG] [Fast Refresh] done in 404ms @ http://localhost:3000/_next/static/chunks/0a1v_next_dist_036859l._.js:2431
[  393519ms] [ERROR] Failed to load resource: the server responded with a status of 500 (Internal Server Error) @ http://localhost:3000/api/process:0
[  394836ms] [ERROR] Failed to load resource: the server responded with a status of 500 (Internal Server Error) @ http://localhost:3000/api/process:0
[  397144ms] [ERROR] Failed to load resource: the server responded with a status of 500 (Internal Server Error) @ http://localhost:3000/api/process:0
[  401823ms] [ERROR] Failed to load resource: the server responded with a status of 500 (Internal Server Error) @ http://localhost:3000/api/process:0
